<?xml version="1.0" encoding="UTF-8"?>
<!-- Generated by org.testng.reporters.JUnitXMLReporter -->
<testsuite hostname="vasu-PC" name="Venkat" tests="8" failures="0" timestamp="12 Feb 2019 02:55:50 GMT" time="29.513" errors="0">
  <testcase name="adminLogin" time="9.768" classname="com.vasu.testng.AdminLoginTest"/>
  <testcase name="first" time="0.001" classname="com.vasu.testng.FirstTestNg"/>
  <testcase name="method1" time="0.005" classname="com.vasu.testng.AnnotationsTest"/>
  <testcase name="method2" time="0.002" classname="com.vasu.testng.AnnotationsTest"/>
  <testcase name="appLogin" time="1.864" classname="com.vasu.testng.BeforeTestAfterTest"/>
  <testcase name="appLaunch" time="6.886" classname="com.vasu.testng.MultipleTestNg"/>
  <testcase name="appLogin" time="1.87" classname="com.vasu.testng.MultipleTestNg"/>
  <testcase name="appClose" time="0.054" classname="com.vasu.testng.MultipleTestNg"/>
</testsuite> <!-- Venkat -->
